12-20 13:38:58 root         INFO     Input argument campaign_dir set to July Reactivation Email + DM
12-20 13:38:58 root         INFO     Input argument s3dir set to manual/campaigns_jackie
12-20 13:38:58 root         INFO     Input argument root_dir set to /Users/jacqueline.gutman/Google Drive File Stream/My Drive/Reformatted Prioritized Campaign Lists
12-20 13:38:58 root         INFO     Input argument bucket set to plated-redshift-etl
12-20 13:38:58 root         INFO     8 files found
12-20 13:38:58 root         INFO     /Users/jacqueline.gutman/Google Drive File Stream/My Drive/Reformatted Prioritized Campaign Lists/July Reactivation Email + DM/Send Lists/Control/LAPSED Control.csv successfully processed
12-20 13:38:58 root         INFO     /Users/jacqueline.gutman/Google Drive File Stream/My Drive/Reformatted Prioritized Campaign Lists/July Reactivation Email + DM/Send Lists/Test/50 Off EMAIL and DM Postcard - LAPSED Test 5.csv successfully processed
12-20 13:38:58 root         INFO     /Users/jacqueline.gutman/Google Drive File Stream/My Drive/Reformatted Prioritized Campaign Lists/July Reactivation Email + DM/Send Lists/Test/25 Off EMAIL and DM Postcard - LAPSED Test 2.csv successfully processed
12-20 13:38:58 root         INFO     /Users/jacqueline.gutman/Google Drive File Stream/My Drive/Reformatted Prioritized Campaign Lists/July Reactivation Email + DM/Send Lists/Test/25 Off EMAIL ONLY - LAPSED Test 1.csv successfully processed
12-20 13:38:59 root         INFO     /Users/jacqueline.gutman/Google Drive File Stream/My Drive/Reformatted Prioritized Campaign Lists/July Reactivation Email + DM/Send Lists/Test/25 Off EMAIL and DM Trifold - LAPSED Test 3.csv successfully processed
12-20 13:38:59 root         INFO     /Users/jacqueline.gutman/Google Drive File Stream/My Drive/Reformatted Prioritized Campaign Lists/July Reactivation Email + DM/Send Lists/Test/No Offer EMAIL ONLY - LAPSED Test 6.csv successfully processed
12-20 13:38:59 root         INFO     /Users/jacqueline.gutman/Google Drive File Stream/My Drive/Reformatted Prioritized Campaign Lists/July Reactivation Email + DM/Send Lists/Test/50 Off EMAIL ONLY - LAPSED Test 4.csv successfully processed
12-20 13:38:59 root         INFO     Dataframe created from 8 files with 130004 records in 10 columns
12-20 13:38:59 botocore.credentials INFO     Found credentials in shared credentials file: ~/.aws/credentials
12-20 13:39:00 root         INFO     S3ReadWrite created in (folder: manual/campaigns_jackie, bucket: plated-redshift-etl)
12-20 13:39:02 botocore.vendored.requests.packages.urllib3.connectionpool INFO     Starting new HTTPS connection (1): s3.amazonaws.com
12-20 13:39:05 root         INFO     data saved in S3 bucket at manual/campaigns_jackie/July Reactivation Email + DM/july_reactivation_email_dm.csv
12-20 13:39:09 root         INFO     Created empty table analytics.july_reactivation_email_dm
12-20 13:39:15 root         INFO     Data copied from s3://plated-redshift-etl/manual/campaigns_jackie/July Reactivation Email + DM/july_reactivation_email_dm.csv to analytics.july_reactivation_email_dm
12-20 13:39:15 root         INFO     SELECT privileges granted to production_read_only ,analytics_team
12-20 13:39:48 root         INFO     Table analytics.july_reactivation_email_dm dropped
12-20 13:39:48 root         INFO     S3ReadWrite created in (folder: manual/campaigns_jackie, bucket: plated-redshift-etl)
12-20 13:39:49 botocore.vendored.requests.packages.urllib3.connectionpool INFO     Starting new HTTPS connection (1): s3.amazonaws.com
12-20 13:39:51 root         INFO     data saved in S3 bucket at manual/campaigns_jackie/July Reactivation Email + DM/july_reactivation_email_dm.csv
12-20 13:39:52 root         INFO     Created empty table analytics.july_reactivation_email_dm
12-20 13:40:09 root         INFO     Data copied from s3://plated-redshift-etl/manual/campaigns_jackie/July Reactivation Email + DM/july_reactivation_email_dm.csv to analytics.july_reactivation_email_dm
12-20 13:40:10 root         INFO     SELECT privileges granted to production_read_only ,analytics_team
12-20 13:40:12 root         INFO     Table analytics.july_reactivation_email_dm replaced
12-20 13:40:12 root         INFO     Joined on registered user email and added user_id
12-20 13:40:12 root         INFO     Database upload completed successfully for July Reactivation Email + DM
