01-10 16:50:26 root         INFO     Input argument s3dir set to manual/campaigns_jackie
01-10 16:50:26 root         INFO     Input argument root_dir set to /Users/jacqueline.gutman/Google Drive File Stream/My Drive/Reformatted Prioritized Campaign Lists
01-10 16:50:26 root         INFO     Input argument campaign_dir set to Unskip 1801
01-10 16:50:26 root         INFO     Input argument bucket set to plated-redshift-etl
01-10 16:50:28 root         INFO     12 files found
01-10 16:50:28 root         INFO     /Users/jacqueline.gutman/Google Drive File Stream/My Drive/Reformatted Prioritized Campaign Lists/Unskip 1801/Send Lists/Unskip_1801_FreeDessert_Test_5-13 weeks.csv successfully processed
01-10 16:50:28 root         INFO     /Users/jacqueline.gutman/Google Drive File Stream/My Drive/Reformatted Prioritized Campaign Lists/Unskip 1801/Send Lists/Unskip_1801_FreeDessert_Test_14+ weeks.csv successfully processed
01-10 16:50:28 root         INFO     /Users/jacqueline.gutman/Google Drive File Stream/My Drive/Reformatted Prioritized Campaign Lists/Unskip 1801/Send Lists/Unskip_1801_FreeDessert_Control_0-4 weeks.csv successfully processed
01-10 16:50:28 root         INFO     /Users/jacqueline.gutman/Google Drive File Stream/My Drive/Reformatted Prioritized Campaign Lists/Unskip 1801/Send Lists/Unskip_1801_FreeDessert_Control_5-13 weeks.csv successfully processed
01-10 16:50:28 root         INFO     /Users/jacqueline.gutman/Google Drive File Stream/My Drive/Reformatted Prioritized Campaign Lists/Unskip 1801/Send Lists/Unskip_1801_10Dollar_Test_0-4 weeks.csv successfully processed
01-10 16:50:28 root         INFO     /Users/jacqueline.gutman/Google Drive File Stream/My Drive/Reformatted Prioritized Campaign Lists/Unskip 1801/Send Lists/Unskip_1801_10Dollar_Control_5-13 weeks.csv successfully processed
01-10 16:50:28 root         INFO     /Users/jacqueline.gutman/Google Drive File Stream/My Drive/Reformatted Prioritized Campaign Lists/Unskip 1801/Send Lists/Unskip_1801_10Dollar_Control_14+ weeks.csv successfully processed
01-10 16:50:28 root         INFO     /Users/jacqueline.gutman/Google Drive File Stream/My Drive/Reformatted Prioritized Campaign Lists/Unskip 1801/Send Lists/Unskip_1801_10Dollar_Test_5-13 weeks.csv successfully processed
01-10 16:50:28 root         INFO     /Users/jacqueline.gutman/Google Drive File Stream/My Drive/Reformatted Prioritized Campaign Lists/Unskip 1801/Send Lists/Unskip_1801_FreeDessert_Test_0-4 weeks.csv successfully processed
01-10 16:50:28 root         INFO     /Users/jacqueline.gutman/Google Drive File Stream/My Drive/Reformatted Prioritized Campaign Lists/Unskip 1801/Send Lists/Unskip_1801_10Dollar_Test_14+ weeks.csv successfully processed
01-10 16:50:28 root         INFO     /Users/jacqueline.gutman/Google Drive File Stream/My Drive/Reformatted Prioritized Campaign Lists/Unskip 1801/Send Lists/Unskip_1801_FreeDessert_Control_14+ weeks.csv successfully processed
01-10 16:50:28 root         INFO     /Users/jacqueline.gutman/Google Drive File Stream/My Drive/Reformatted Prioritized Campaign Lists/Unskip 1801/Send Lists/Unskip_1801_10Dollar_Control_0-4 weeks.csv successfully processed
01-10 16:50:28 root         INFO     Dataframe created from 12 files with 31438 records in 11 columns
01-10 16:50:28 botocore.credentials INFO     Found credentials in shared credentials file: ~/.aws/credentials
01-10 16:50:28 root         INFO     S3ReadWrite created in (folder: manual/campaigns_jackie, bucket: plated-redshift-etl)
01-10 16:50:29 botocore.vendored.requests.packages.urllib3.connectionpool INFO     Starting new HTTPS connection (1): s3.amazonaws.com
01-10 16:50:32 root         INFO     data saved in S3 bucket at manual/campaigns_jackie/Unskip 1801 Offer Campaign/unskip_1801_offer_campaign.csv
01-10 16:50:36 root         INFO     Created empty table analytics.unskip_1801_offer_campaign
01-10 16:50:46 root         INFO     Data copied from s3://plated-redshift-etl/manual/campaigns_jackie/Unskip 1801 Offer Campaign/unskip_1801_offer_campaign.csv to analytics.unskip_1801_offer_campaign
01-10 16:50:46 root         INFO     SELECT privileges granted to production_read_only ,analytics_team
01-10 16:50:50 root         INFO     User_id column found as primary identifier
01-10 16:50:50 root         INFO     Database upload completed successfully for Unskip 1801
