01-10 16:46:41 root         INFO     Input argument bucket set to plated-redshift-etl
01-10 16:46:41 root         INFO     Input argument campaign_dir set to Unskip 1752
01-10 16:46:41 root         INFO     Input argument root_dir set to /Users/jacqueline.gutman/Google Drive File Stream/My Drive/Reformatted Prioritized Campaign Lists
01-10 16:46:41 root         INFO     Input argument s3dir set to manual/campaigns_jackie
01-10 16:46:43 root         INFO     9 files found
01-10 16:46:43 root         INFO     /Users/jacqueline.gutman/Google Drive File Stream/My Drive/Reformatted Prioritized Campaign Lists/Unskip 1752/Send Lists/12-17-17 UnSkip 1752 Control_5-13 weeks.csv successfully processed
01-10 16:46:43 root         INFO     /Users/jacqueline.gutman/Google Drive File Stream/My Drive/Reformatted Prioritized Campaign Lists/Unskip 1752/Send Lists/UnSkip_1752_10Dollar_Offer_Test_5-13 weeks.csv successfully processed
01-10 16:46:43 root         INFO     /Users/jacqueline.gutman/Google Drive File Stream/My Drive/Reformatted Prioritized Campaign Lists/Unskip 1752/Send Lists/UnSkip_1752_Free_Dessert_Test_0-4 weeks.csv successfully processed
01-10 16:46:43 root         INFO     /Users/jacqueline.gutman/Google Drive File Stream/My Drive/Reformatted Prioritized Campaign Lists/Unskip 1752/Send Lists/UnSkip_1752_Free_Dessert_Test_5-13 weeks.csv successfully processed
01-10 16:46:43 root         INFO     /Users/jacqueline.gutman/Google Drive File Stream/My Drive/Reformatted Prioritized Campaign Lists/Unskip 1752/Send Lists/12-17-17 UnSkip 1752 Control_14+ weeks.csv successfully processed
01-10 16:46:43 root         INFO     /Users/jacqueline.gutman/Google Drive File Stream/My Drive/Reformatted Prioritized Campaign Lists/Unskip 1752/Send Lists/UnSkip_1752_Free_Dessert_Test_14+ weeks.csv successfully processed
01-10 16:46:43 root         INFO     /Users/jacqueline.gutman/Google Drive File Stream/My Drive/Reformatted Prioritized Campaign Lists/Unskip 1752/Send Lists/UnSkip_1752_10Dollar_Offer_Test_0-4 weeks.csv successfully processed
01-10 16:46:43 root         INFO     /Users/jacqueline.gutman/Google Drive File Stream/My Drive/Reformatted Prioritized Campaign Lists/Unskip 1752/Send Lists/UnSkip_1752_10Dollar_Offer_Test_14+ weeks.csv successfully processed
01-10 16:46:43 root         INFO     /Users/jacqueline.gutman/Google Drive File Stream/My Drive/Reformatted Prioritized Campaign Lists/Unskip 1752/Send Lists/12-17-17 UnSkip 1752 Control_0-4 weeks.csv successfully processed
01-10 16:46:43 root         INFO     Dataframe created from 9 files with 40064 records in 11 columns
01-10 16:46:43 botocore.credentials INFO     Found credentials in shared credentials file: ~/.aws/credentials
01-10 16:46:43 root         INFO     S3ReadWrite created in (folder: manual/campaigns_jackie, bucket: plated-redshift-etl)
01-10 16:46:44 botocore.vendored.requests.packages.urllib3.connectionpool INFO     Starting new HTTPS connection (1): s3.amazonaws.com
01-10 16:46:44 root         INFO     data saved in S3 bucket at manual/campaigns_jackie/Unskip 1752 Offer Campaign/unskip_1752_offer_campaign.csv
01-10 16:46:48 root         INFO     Created empty table analytics.unskip_1752_offer_campaign
01-10 16:47:22 root         INFO     Data copied from s3://plated-redshift-etl/manual/campaigns_jackie/Unskip 1752 Offer Campaign/unskip_1752_offer_campaign.csv to analytics.unskip_1752_offer_campaign
01-10 16:47:22 root         INFO     SELECT privileges granted to production_read_only ,analytics_team
01-10 16:47:25 root         INFO     User_id column found as primary identifier
01-10 16:47:25 root         INFO     Database upload completed successfully for Unskip 1752
