12-21 11:10:47 root         INFO     Input argument root_dir set to /Users/jacqueline.gutman/Google Drive File Stream/My Drive/Reformatted Prioritized Campaign Lists
12-21 11:10:47 root         INFO     Input argument campaign_dir set to New Customer Phased Offer Email
12-21 11:10:47 root         INFO     Input argument s3dir set to manual/campaigns_jackie
12-21 11:10:47 root         INFO     Input argument bucket set to plated-redshift-etl
12-21 11:10:47 root         INFO     12 files found
12-21 11:10:47 root         INFO     /Users/jacqueline.gutman/Google Drive File Stream/My Drive/Reformatted Prioritized Campaign Lists/New Customer Phased Offer Email/Send Lists/Test/Third-box customers (2-servings).csv successfully processed
12-21 11:10:47 root         INFO     /Users/jacqueline.gutman/Google Drive File Stream/My Drive/Reformatted Prioritized Campaign Lists/New Customer Phased Offer Email/Send Lists/Test/First-box customers (3- and 4- servings) [4 servings].csv successfully processed
12-21 11:10:47 root         INFO     /Users/jacqueline.gutman/Google Drive File Stream/My Drive/Reformatted Prioritized Campaign Lists/New Customer Phased Offer Email/Send Lists/Test/First-box customers (3- and 4- servings) [3 servings].csv successfully processed
12-21 11:10:47 root         INFO     /Users/jacqueline.gutman/Google Drive File Stream/My Drive/Reformatted Prioritized Campaign Lists/New Customer Phased Offer Email/Send Lists/Test/Second-box customers (3- and 4-servings) [4 servings].csv successfully processed
12-21 11:10:47 root         INFO     /Users/jacqueline.gutman/Google Drive File Stream/My Drive/Reformatted Prioritized Campaign Lists/New Customer Phased Offer Email/Send Lists/Control/First-box customers (all servings).csv successfully processed
12-21 11:10:47 root         INFO     /Users/jacqueline.gutman/Google Drive File Stream/My Drive/Reformatted Prioritized Campaign Lists/New Customer Phased Offer Email/Send Lists/Test/Second-box customers (3- and 4-servings) [3 servings].csv successfully processed
12-21 11:10:47 root         INFO     /Users/jacqueline.gutman/Google Drive File Stream/My Drive/Reformatted Prioritized Campaign Lists/New Customer Phased Offer Email/Send Lists/Test/Third-box customers (3- and 4-servings) [4 servings].csv successfully processed
12-21 11:10:47 root         INFO     /Users/jacqueline.gutman/Google Drive File Stream/My Drive/Reformatted Prioritized Campaign Lists/New Customer Phased Offer Email/Send Lists/Test/Third-box customers (3- and 4-servings) [3 servings].csv successfully processed
12-21 11:10:47 root         INFO     /Users/jacqueline.gutman/Google Drive File Stream/My Drive/Reformatted Prioritized Campaign Lists/New Customer Phased Offer Email/Send Lists/Test/Second-box customers (2-servings).csv successfully processed
12-21 11:10:47 root         INFO     /Users/jacqueline.gutman/Google Drive File Stream/My Drive/Reformatted Prioritized Campaign Lists/New Customer Phased Offer Email/Send Lists/Control/Second-box customers (all servings).csv successfully processed
12-21 11:10:47 root         INFO     /Users/jacqueline.gutman/Google Drive File Stream/My Drive/Reformatted Prioritized Campaign Lists/New Customer Phased Offer Email/Send Lists/Test/First-box customers (2-servings).csv successfully processed
12-21 11:10:47 root         INFO     /Users/jacqueline.gutman/Google Drive File Stream/My Drive/Reformatted Prioritized Campaign Lists/New Customer Phased Offer Email/Send Lists/Control/Third-box customers (all servings).csv successfully processed
12-21 11:10:47 root         INFO     Dataframe created from 12 files with 9990 records in 11 columns
12-21 11:10:47 botocore.credentials INFO     Found credentials in shared credentials file: ~/.aws/credentials
12-21 11:10:47 root         INFO     S3ReadWrite created in (folder: manual/campaigns_jackie, bucket: plated-redshift-etl)
12-21 11:10:48 botocore.vendored.requests.packages.urllib3.connectionpool INFO     Starting new HTTPS connection (1): s3.amazonaws.com
12-21 11:10:48 root         INFO     data saved in S3 bucket at manual/campaigns_jackie/New Customer Phased Offer Email/new_customer_phased_offer.csv
12-21 11:10:51 root         INFO     Created empty table analytics.new_customer_phased_offer
12-21 11:10:54 root         INFO     Data copied from s3://plated-redshift-etl/manual/campaigns_jackie/New Customer Phased Offer Email/new_customer_phased_offer.csv to analytics.new_customer_phased_offer
12-21 11:10:55 root         INFO     SELECT privileges granted to production_read_only ,analytics_team
12-21 11:10:56 root         INFO     User_id column found as primary identifier
12-21 11:10:56 root         INFO     Database upload completed successfully for New Customer Phased Offer Email
